<?xml version="1.0" encoding="utf-8"?><testsuites name="pytest tests"><testsuite name="pytest" errors="0" failures="0" skipped="0" tests="8" time="0.920" timestamp="2026-01-27T06:58:00.349040+00:00" hostname="agent-env-fc0a1571-0e44-4cf9-8e5d-a974b2a6ebb7"><testcase classname="tests.test_2026_pricing.TestHealthAndBasics" name="test_health_endpoint" time="0.112" /><testcase classname="tests.test_2026_pricing.TestClickTiersAPI" name="test_get_tiers" time="0.055" /><testcase classname="tests.test_2026_pricing.TestBillingAPIs" name="test_billing_summary_requires_auth" time="0.058" /><testcase classname="tests.test_2026_pricing.TestBillingAPIs" name="test_billing_summary_with_partner_auth" time="0.179" /><testcase classname="tests.test_2026_pricing.TestBillingAPIs" name="test_start_trial_requires_auth" time="0.062" /><testcase classname="tests.test_2026_pricing.TestBillingAPIs" name="test_admin_billing_summary_returns_partner_not_found" time="0.166" /><testcase classname="tests.test_2026_pricing.TestPartnerData" name="test_partners_have_2026_fields" time="0.159" /><testcase classname="tests.test_2026_pricing.TestPricingPageContent" name="test_pricing_page_loads" time="0.036" /></testsuite></testsuites>