<?xml version="1.0" encoding="utf-8"?><testsuites name="pytest tests"><testsuite name="pytest" errors="0" failures="0" skipped="0" tests="12" time="272.715" timestamp="2026-01-21T04:13:20.330935+00:00" hostname="agent-env-28495c5d-6c98-4de3-909e-af2fa35bed3b"><testcase classname="tests.test_ai_product_creator.TestUnifiedScannerFullProcess" name="test_uzum_full_process_success" time="75.594" /><testcase classname="tests.test_ai_product_creator.TestUnifiedScannerFullProcess" name="test_uzum_full_process_missing_product_name" time="0.067" /><testcase classname="tests.test_ai_product_creator.TestYandexMarketFullProcess" name="test_yandex_full_process_success" time="15.061" /><testcase classname="tests.test_ai_product_creator.TestYandexMarketFullProcess" name="test_yandex_full_process_different_category" time="8.093" /><testcase classname="tests.test_ai_product_creator.TestMarketplaceRules" name="test_uzum_rules" time="0.055" /><testcase classname="tests.test_ai_product_creator.TestMarketplaceRules" name="test_yandex_rules" time="0.040" /><testcase classname="tests.test_ai_product_creator.TestInfographicIntegration" name="test_infographic_generate_for_uzum" time="18.978" /><testcase classname="tests.test_ai_product_creator.TestInfographicIntegration" name="test_infographic_generate_for_yandex" time="16.242" /><testcase classname="tests.test_ai_product_creator.TestPriceCalculation" name="test_uzum_price_breakdown" time="64.729" /><testcase classname="tests.test_ai_product_creator.TestPriceCalculation" name="test_yandex_price_breakdown" time="11.018" /><testcase classname="tests.test_ai_product_creator.TestDataFlow" name="test_product_name_preserved" time="55.530" /><testcase classname="tests.test_ai_product_creator.TestDataFlow" name="test_brand_preserved" time="7.208" /></testsuite></testsuites>