<?xml version="1.0" encoding="utf-8"?><testsuites name="pytest tests"><testsuite name="pytest" errors="0" failures="0" skipped="0" tests="12" time="262.406" timestamp="2026-01-20T20:06:15.988542+00:00" hostname="agent-env-28495c5d-6c98-4de3-909e-af2fa35bed3b"><testcase classname="tests.test_ai_product_creator.TestUnifiedScannerFullProcess" name="test_uzum_full_process_success" time="68.445" /><testcase classname="tests.test_ai_product_creator.TestUnifiedScannerFullProcess" name="test_uzum_full_process_missing_product_name" time="0.072" /><testcase classname="tests.test_ai_product_creator.TestYandexMarketFullProcess" name="test_yandex_full_process_success" time="10.704" /><testcase classname="tests.test_ai_product_creator.TestYandexMarketFullProcess" name="test_yandex_full_process_different_category" time="7.699" /><testcase classname="tests.test_ai_product_creator.TestMarketplaceRules" name="test_uzum_rules" time="0.051" /><testcase classname="tests.test_ai_product_creator.TestMarketplaceRules" name="test_yandex_rules" time="0.035" /><testcase classname="tests.test_ai_product_creator.TestInfographicIntegration" name="test_infographic_generate_for_uzum" time="14.734" /><testcase classname="tests.test_ai_product_creator.TestInfographicIntegration" name="test_infographic_generate_for_yandex" time="20.437" /><testcase classname="tests.test_ai_product_creator.TestPriceCalculation" name="test_uzum_price_breakdown" time="38.779" /><testcase classname="tests.test_ai_product_creator.TestPriceCalculation" name="test_yandex_price_breakdown" time="10.893" /><testcase classname="tests.test_ai_product_creator.TestDataFlow" name="test_product_name_preserved" time="70.085" /><testcase classname="tests.test_ai_product_creator.TestDataFlow" name="test_brand_preserved" time="20.390" /></testsuite></testsuites>