<?xml version="1.0" encoding="utf-8"?><testsuites name="pytest tests"><testsuite name="pytest" errors="0" failures="3" skipped="1" tests="15" time="128.334" timestamp="2026-01-27T10:14:35.711974+00:00" hostname="agent-env-845de409-b7fb-4a93-9b2b-8f44b2b6aac8"><testcase classname="tests.test_billing_unified_scanner.TestHealthCheck" name="test_backend_health" time="0.111" /><testcase classname="tests.test_billing_unified_scanner.TestBillingCalculate" name="test_billing_calculate_default" time="0.038" /><testcase classname="tests.test_billing_unified_scanner.TestBillingCalculate" name="test_billing_calculate_with_sales" time="0.038" /><testcase classname="tests.test_billing_unified_scanner.TestBillingCalculate" name="test_billing_calculate_custom_params" time="0.037" /><testcase classname="tests.test_billing_unified_scanner.TestBillingSummary" name="test_billing_summary_with_env_credentials" time="1.516" /><testcase classname="tests.test_billing_unified_scanner.TestBillingSummary" name="test_billing_summary_with_custom_credentials" time="0.000"><skipped type="pytest.skip" message="YANDEX_API_KEY not available for testing">/app/backend/tests/test_billing_unified_scanner.py:164: YANDEX_API_KEY not available for testing</skipped></testcase><testcase classname="tests.test_billing_unified_scanner.TestUnifiedScannerFullProcess" name="test_unified_scanner_full_process_basic" time="2.075"><failure message="AssertionError: assert False == True&#10; +  where False = &lt;built-in method get of dict object at 0xf9a963a3c9c0&gt;('success')&#10; +    where &lt;built-in method get of dict object at 0xf9a963a3c9c0&gt; = {'error': 'Mahsulot nomi yoki rasmi kerak', 'success': False}.get">tests/test_billing_unified_scanner.py:235: in test_unified_scanner_full_process_basic
    assert data.get("success") == True
E   AssertionError: assert False == True
E    +  where False = &lt;built-in method get of dict object at 0xf9a963a3c9c0&gt;('success')
E    +    where &lt;built-in method get of dict object at 0xf9a963a3c9c0&gt; = {'error': 'Mahsulot nomi yoki rasmi kerak', 'success': False}.get</failure></testcase><testcase classname="tests.test_billing_unified_scanner.TestUnifiedScannerFullProcess" name="test_unified_scanner_with_product_name" time="30.538"><failure message="assert {}">tests/test_billing_unified_scanner.py:294: in test_unified_scanner_with_product_name
    assert product_card  # Should have card data
    ^^^^^^^^^^^^^^^^^^^
E   assert {}</failure></testcase><testcase classname="tests.test_billing_unified_scanner.TestFullAutomation" name="test_full_automation_basic" time="49.782" /><testcase classname="tests.test_billing_unified_scanner.TestYandexDashboardStatus" name="test_dashboard_status_default" time="1.321" /><testcase classname="tests.test_billing_unified_scanner.TestYandexDashboardStatus" name="test_dashboard_status_with_limit" time="1.279"><failure message="assert 84 &lt;= 10&#10; +  where 84 = len([{'market_sku': 4752797516, 'name': 'Фен для волос, для сушки и укладки FaKang FK-9900,', 'offer_id': '9900', 'price': 79000.0, ...}, {'market_sku': 4754494058, 'name': 'Сыворотка Axis-Y &quot;Dark Spot Correcting&quot;, против пи', 'offer_id': 'Axis-y', 'price': 129000.0, ...}, {'market_sku': 4752966694, 'name': 'Набор &quot;Чка Доян&quot;, для сужения влагалища, с интимны', 'offer_id': 'Chka', 'price': 99000.0, ...}, {'market_sku': 4754531772, 'name': 'Препарат для повышения потенции Super Black Ant Ki', 'offer_id': 'Chumoli', 'price': 69900.0, ...}, {'market_sku': 4752769286, 'name': 'Фен для сушки и для укладки волос + сумка в подаро', 'offer_id': 'Dyson Qora', 'price': 171000.0, ...}, {'market_sku': 5062057552, 'name': 'Парфюмерная вода &quot;Formula Sexy&quot;, цветочно-сладкий ', 'offer_id': 'Formula Sexy3 Pushti', 'price': 59900.0, ...}, ...])">tests/test_billing_unified_scanner.py:413: in test_dashboard_status_with_limit
    assert len(offers) &lt;= 10
E   assert 84 &lt;= 10
E    +  where 84 = len([{'market_sku': 4752797516, 'name': 'Фен для волос, для сушки и укладки FaKang FK-9900,', 'offer_id': '9900', 'price': 79000.0, ...}, {'market_sku': 4754494058, 'name': 'Сыворотка Axis-Y "Dark Spot Correcting", против пи', 'offer_id': 'Axis-y', 'price': 129000.0, ...}, {'market_sku': 4752966694, 'name': 'Набор "Чка Доян", для сужения влагалища, с интимны', 'offer_id': 'Chka', 'price': 99000.0, ...}, {'market_sku': 4754531772, 'name': 'Препарат для повышения потенции Super Black Ant Ki', 'offer_id': 'Chumoli', 'price': 69900.0, ...}, {'market_sku': 4752769286, 'name': 'Фен для сушки и для укладки волос + сумка в подаро', 'offer_id': 'Dyson Qora', 'price': 171000.0, ...}, {'market_sku': 5062057552, 'name': 'Парфюмерная вода "Formula Sexy", цветочно-сладкий ', 'offer_id': 'Formula Sexy3 Pushti', 'price': 59900.0, ...}, ...])</failure></testcase><testcase classname="tests.test_billing_unified_scanner.TestRevenueShareService" name="test_revenue_share_4_percent" time="0.038" /><testcase classname="tests.test_billing_unified_scanner.TestRevenueShareService" name="test_monthly_fee_conversion" time="0.039" /><testcase classname="tests.test_billing_unified_scanner.TestMobileAppIntegration" name="test_scan_from_url_endpoint" time="40.284" /><testcase classname="tests.test_billing_unified_scanner.TestMobileAppIntegration" name="test_unified_scanner_analyze_base64" time="1.126" /></testsuite></testsuites>