<?xml version="1.0" encoding="utf-8"?><testsuites name="pytest tests"><testsuite name="pytest" errors="0" failures="0" skipped="1" tests="15" time="232.109" timestamp="2026-01-27T10:20:26.242455+00:00" hostname="agent-env-845de409-b7fb-4a93-9b2b-8f44b2b6aac8"><testcase classname="tests.test_billing_unified_scanner.TestHealthCheck" name="test_backend_health" time="0.107" /><testcase classname="tests.test_billing_unified_scanner.TestBillingCalculate" name="test_billing_calculate_default" time="0.038" /><testcase classname="tests.test_billing_unified_scanner.TestBillingCalculate" name="test_billing_calculate_with_sales" time="0.035" /><testcase classname="tests.test_billing_unified_scanner.TestBillingCalculate" name="test_billing_calculate_custom_params" time="0.033" /><testcase classname="tests.test_billing_unified_scanner.TestBillingSummary" name="test_billing_summary_with_env_credentials" time="1.499" /><testcase classname="tests.test_billing_unified_scanner.TestBillingSummary" name="test_billing_summary_with_custom_credentials" time="0.000"><skipped type="pytest.skip" message="YANDEX_API_KEY not available for testing">/app/backend/tests/test_billing_unified_scanner.py:164: YANDEX_API_KEY not available for testing</skipped></testcase><testcase classname="tests.test_billing_unified_scanner.TestUnifiedScannerFullProcess" name="test_unified_scanner_full_process_basic" time="76.359" /><testcase classname="tests.test_billing_unified_scanner.TestUnifiedScannerFullProcess" name="test_unified_scanner_with_product_name" time="62.239" /><testcase classname="tests.test_billing_unified_scanner.TestFullAutomation" name="test_full_automation_basic" time="48.796" /><testcase classname="tests.test_billing_unified_scanner.TestYandexDashboardStatus" name="test_dashboard_status_default" time="1.240" /><testcase classname="tests.test_billing_unified_scanner.TestYandexDashboardStatus" name="test_dashboard_status_with_limit" time="1.140" /><testcase classname="tests.test_billing_unified_scanner.TestRevenueShareService" name="test_revenue_share_4_percent" time="0.037" /><testcase classname="tests.test_billing_unified_scanner.TestRevenueShareService" name="test_monthly_fee_conversion" time="0.036" /><testcase classname="tests.test_billing_unified_scanner.TestMobileAppIntegration" name="test_scan_from_url_endpoint" time="39.240" /><testcase classname="tests.test_billing_unified_scanner.TestMobileAppIntegration" name="test_unified_scanner_analyze_base64" time="1.227" /></testsuite></testsuites>