<?xml version="1.0" encoding="utf-8"?><testsuites name="pytest tests"><testsuite name="pytest" errors="0" failures="0" skipped="0" tests="11" time="141.270" timestamp="2026-01-27T09:42:17.749897+00:00" hostname="agent-env-845de409-b7fb-4a93-9b2b-8f44b2b6aac8"><testcase classname="backend.tests.test_full_automation.TestHealthCheck" name="test_backend_health" time="0.104" /><testcase classname="backend.tests.test_full_automation.TestHealthCheck" name="test_ai_status" time="0.039" /><testcase classname="backend.tests.test_full_automation.TestScanFromURL" name="test_scan_from_url_success" time="40.567" /><testcase classname="backend.tests.test_full_automation.TestScanFromURL" name="test_scan_from_url_invalid_url" time="3.266" /><testcase classname="backend.tests.test_full_automation.TestFullAutomation" name="test_full_automation_without_infographics" time="47.350" /><testcase classname="backend.tests.test_full_automation.TestGenerateInfographics" name="test_generate_infographics_single" time="22.608" /><testcase classname="backend.tests.test_full_automation.TestGenerateInfographics" name="test_generate_infographics_cosmetics_category" time="23.101" /><testcase classname="backend.tests.test_full_automation.TestYandexDashboard" name="test_dashboard_status" time="1.580" /><testcase classname="backend.tests.test_full_automation.TestYandexDashboard" name="test_yandex_campaigns" time="0.710" /><testcase classname="backend.tests.test_full_automation.TestYandexProductCreation" name="test_yandex_connection" time="0.659" /><testcase classname="backend.tests.test_full_automation.TestYandexProductCreation" name="test_offer_status_check" time="1.213" /></testsuite></testsuites>