<?xml version="1.0" encoding="utf-8"?><testsuites name="pytest tests"><testsuite name="pytest" errors="0" failures="0" skipped="0" tests="11" time="103.908" timestamp="2026-01-20T19:46:34.260959+00:00" hostname="agent-env-28495c5d-6c98-4de3-909e-af2fa35bed3b"><testcase classname="tests.test_infographic_generator.TestInfographicTemplates" name="test_get_templates_success" time="0.072" /><testcase classname="tests.test_infographic_generator.TestInfographicTemplates" name="test_get_backgrounds_success" time="0.036" /><testcase classname="tests.test_infographic_generator.TestInfographicTemplates" name="test_get_marketplaces_info" time="0.035" /><testcase classname="tests.test_infographic_generator.TestInfographicGenerate" name="test_generate_infographic_basic" time="15.635" /><testcase classname="tests.test_infographic_generator.TestInfographicGenerate" name="test_generate_infographic_yandex_marketplace" time="21.837" /><testcase classname="tests.test_infographic_generator.TestInfographicGenerate" name="test_generate_infographic_all_templates" time="16.624" /><testcase classname="tests.test_infographic_generator.TestInfographicGenerate" name="test_generate_infographic_all_backgrounds" time="17.003" /><testcase classname="tests.test_infographic_generator.TestInfographicGenerate" name="test_generate_infographic_custom_prompt" time="13.847" /><testcase classname="tests.test_infographic_generator.TestInfographicGenerate" name="test_generate_infographic_missing_product_name" time="0.060" /><testcase classname="tests.test_infographic_generator.TestInfographicGenerate" name="test_generate_infographic_empty_features" time="0.435" /><testcase classname="tests.test_infographic_generator.TestInfographicIntegration" name="test_full_workflow_uzum" time="18.254" /></testsuite></testsuites>