<?xml version="1.0" encoding="utf-8"?><testsuites name="pytest tests"><testsuite name="pytest" errors="0" failures="0" skipped="0" tests="15" time="23.223" timestamp="2026-01-31T07:59:02.925715+00:00" hostname="agent-env-fd7ed351-2965-46fa-8e77-ccec81d622b9"><testcase classname="backend.tests.test_iteration_22.TestPartnerLogin" name="test_partner_login_success" time="2.912" /><testcase classname="backend.tests.test_iteration_22.TestPartnerLogin" name="test_admin_login_success" time="1.368" /><testcase classname="backend.tests.test_iteration_22.TestPartnerLogin" name="test_login_invalid_credentials" time="0.407" /><testcase classname="backend.tests.test_iteration_22.TestAIScanner" name="test_unified_scanner_analyze_base64" time="3.452" /><testcase classname="backend.tests.test_iteration_22.TestAIScanner" name="test_unified_scanner_with_data_url" time="3.077" /><testcase classname="backend.tests.test_iteration_22.TestAIScanner" name="test_unified_scanner_empty_image" time="0.037" /><testcase classname="backend.tests.test_iteration_22.TestTrendHunter" name="test_trend_hunter_all_categories" time="0.039" /><testcase classname="backend.tests.test_iteration_22.TestTrendHunter" name="test_trend_hunter_electronics_category" time="0.040" /><testcase classname="backend.tests.test_iteration_22.TestTrendHunter" name="test_trend_hunter_action_buttons_data" time="0.037" /><testcase classname="backend.tests.test_iteration_22.TestMarketplaceIntegrations" name="test_get_marketplace_integrations" time="3.274" /><testcase classname="backend.tests.test_iteration_22.TestMarketplaceIntegrations" name="test_post_marketplace_integration_yandex" time="2.896" /><testcase classname="backend.tests.test_iteration_22.TestMarketplaceIntegrations" name="test_test_marketplace_connection" time="3.000" /><testcase classname="backend.tests.test_iteration_22.TestMarketplaceIntegrations" name="test_delete_marketplace_integration" time="2.540" /><testcase classname="backend.tests.test_iteration_22.TestHealthAndStatus" name="test_health_endpoint" time="0.033" /><testcase classname="backend.tests.test_iteration_22.TestHealthAndStatus" name="test_ai_status_endpoint" time="0.035" /></testsuite></testsuites>