<?xml version="1.0" encoding="utf-8"?><testsuites name="pytest tests"><testsuite name="pytest" errors="0" failures="1" skipped="0" tests="15" time="22.084" timestamp="2026-01-31T07:33:17.648756+00:00" hostname="agent-env-fd7ed351-2965-46fa-8e77-ccec81d622b9"><testcase classname="backend.tests.test_iteration_22.TestPartnerLogin" name="test_partner_login_success" time="2.912" /><testcase classname="backend.tests.test_iteration_22.TestPartnerLogin" name="test_admin_login_success" time="1.371" /><testcase classname="backend.tests.test_iteration_22.TestPartnerLogin" name="test_login_invalid_credentials" time="0.406" /><testcase classname="backend.tests.test_iteration_22.TestAIScanner" name="test_unified_scanner_analyze_base64" time="3.079" /><testcase classname="backend.tests.test_iteration_22.TestAIScanner" name="test_unified_scanner_with_data_url" time="2.142" /><testcase classname="backend.tests.test_iteration_22.TestAIScanner" name="test_unified_scanner_empty_image" time="0.045" /><testcase classname="backend.tests.test_iteration_22.TestTrendHunter" name="test_trend_hunter_all_categories" time="0.036" /><testcase classname="backend.tests.test_iteration_22.TestTrendHunter" name="test_trend_hunter_electronics_category" time="0.034" /><testcase classname="backend.tests.test_iteration_22.TestTrendHunter" name="test_trend_hunter_action_buttons_data" time="0.040" /><testcase classname="backend.tests.test_iteration_22.TestMarketplaceIntegrations" name="test_get_marketplace_integrations" time="3.268" /><testcase classname="backend.tests.test_iteration_22.TestMarketplaceIntegrations" name="test_post_marketplace_integration_yandex" time="2.885" /><testcase classname="backend.tests.test_iteration_22.TestMarketplaceIntegrations" name="test_test_marketplace_connection" time="3.076" /><testcase classname="backend.tests.test_iteration_22.TestMarketplaceIntegrations" name="test_delete_marketplace_integration" time="2.579"><failure message="assert 520 == 200&#10; +  where 520 = &lt;Response [520]&gt;.status_code">backend/tests/test_iteration_22.py:271: in test_delete_marketplace_integration
    assert response.status_code == 200
E   assert 520 == 200
E    +  where 520 = &lt;Response [520]&gt;.status_code</failure></testcase><testcase classname="backend.tests.test_iteration_22.TestHealthAndStatus" name="test_health_endpoint" time="0.039" /><testcase classname="backend.tests.test_iteration_22.TestHealthAndStatus" name="test_ai_status_endpoint" time="0.033" /></testsuite></testsuites>