<?xml version="1.0" encoding="utf-8"?><testsuites name="pytest tests"><testsuite name="pytest" errors="0" failures="0" skipped="0" tests="9" time="19.160" timestamp="2026-01-29T17:18:42.721947+00:00" hostname="agent-env-f0e3fae8-886a-4a7d-9a78-2b26937d5161"><testcase classname="tests.test_leads_api.TestLeadsAPI" name="test_create_lead_success" time="0.656" /><testcase classname="tests.test_leads_api.TestLeadsAPI" name="test_create_lead_minimal_data" time="0.420" /><testcase classname="tests.test_leads_api.TestLeadsAPI" name="test_create_lead_missing_required_fields" time="0.058" /><testcase classname="tests.test_leads_api.TestAdminLeadsAPI" name="test_get_all_leads" time="4.254" /><testcase classname="tests.test_leads_api.TestAdminLeadsAPI" name="test_get_leads_by_status" time="2.662" /><testcase classname="tests.test_leads_api.TestAdminLeadsAPI" name="test_get_leads_stats" time="4.967" /><testcase classname="tests.test_leads_api.TestAdminLeadsAPI" name="test_update_lead_status" time="3.159" /><testcase classname="tests.test_leads_api.TestAdminLeadsAPI" name="test_leads_unauthorized_access" time="1.423" /><testcase classname="tests.test_leads_api.TestAdminLeadsAPI" name="test_leads_stats_unauthorized_access" time="1.451" /></testsuite></testsuites>