<?xml version="1.0" encoding="utf-8"?><testsuites name="pytest tests"><testsuite name="pytest" errors="0" failures="0" skipped="1" tests="8" time="21.814" timestamp="2026-01-27T17:40:48.498622+00:00" hostname="agent-env-9885622e-0b01-4a1f-8bad-a04cae6a79b1"><testcase classname="backend.tests.test_mobile_scanner_v2.TestHealthAndStatus" name="test_health_endpoint" time="0.113" /><testcase classname="backend.tests.test_mobile_scanner_v2.TestHealthAndStatus" name="test_ai_status" time="0.054" /><testcase classname="backend.tests.test_mobile_scanner_v2.TestMobileScanner" name="test_analyze_base64_endpoint_exists" time="7.425" /><testcase classname="backend.tests.test_mobile_scanner_v2.TestMobileScanner" name="test_analyze_base64_with_real_image" time="12.468" /><testcase classname="backend.tests.test_mobile_scanner_v2.TestBillingCalculator" name="test_billing_calculate_default" time="0.058" /><testcase classname="backend.tests.test_mobile_scanner_v2.TestBillingCalculator" name="test_billing_calculate_with_sales" time="0.045" /><testcase classname="backend.tests.test_mobile_scanner_v2.TestYandexDashboard" name="test_yandex_dashboard_status" time="1.493" /><testcase classname="backend.tests.test_mobile_scanner_v2.TestTrendHunter" name="test_trends_top_endpoint" time="0.061"><skipped type="pytest.skip" message="Trend Hunter API requires authentication (expected)">/app/backend/tests/test_mobile_scanner_v2.py:190: Trend Hunter API requires authentication (expected)</skipped></testcase></testsuite></testsuites>