<?xml version="1.0" encoding="utf-8"?><testsuites name="pytest tests"><testsuite name="pytest" errors="0" failures="0" skipped="0" tests="9" time="24.981" timestamp="2026-01-27T16:37:01.926843+00:00" hostname="agent-env-9885622e-0b01-4a1f-8bad-a04cae6a79b1"><testcase classname="backend.tests.test_mobile_scanner.TestMobileScannerEndpoints" name="test_health_check" time="0.128" /><testcase classname="backend.tests.test_mobile_scanner.TestMobileScannerEndpoints" name="test_ai_status" time="0.049" /><testcase classname="backend.tests.test_mobile_scanner.TestMobileScannerEndpoints" name="test_analyze_base64_endpoint_exists" time="7.016" /><testcase classname="backend.tests.test_mobile_scanner.TestMobileScannerEndpoints" name="test_analyze_base64_full_image" time="15.871" /><testcase classname="backend.tests.test_mobile_scanner.TestMobileScannerEndpoints" name="test_billing_calculate_default" time="0.059" /><testcase classname="backend.tests.test_mobile_scanner.TestMobileScannerEndpoints" name="test_billing_calculate_with_sales" time="0.038" /><testcase classname="backend.tests.test_mobile_scanner.TestMobileScannerEndpoints" name="test_yandex_dashboard_status" time="1.516" /><testcase classname="backend.tests.test_mobile_scanner.TestPricingModel" name="test_pricing_model_values" time="0.041" /><testcase classname="backend.tests.test_mobile_scanner.TestPricingModel" name="test_revenue_share_calculation" time="0.158" /></testsuite></testsuites>