<?xml version="1.0" encoding="utf-8"?><testsuites name="pytest tests"><testsuite name="pytest" errors="0" failures="0" skipped="0" tests="19" time="4.074" timestamp="2026-01-27T07:13:43.386979+00:00" hostname="agent-env-fc0a1571-0e44-4cf9-8e5d-a974b2a6ebb7"><testcase classname="tests.test_mxik_and_sales_sync.TestMXIKAPI" name="test_mxik_status" time="0.091" /><testcase classname="tests.test_mxik_and_sales_sync.TestMXIKAPI" name="test_mxik_search_telefon" time="0.070" /><testcase classname="tests.test_mxik_and_sales_sync.TestMXIKAPI" name="test_mxik_search_kompyuter" time="0.060" /><testcase classname="tests.test_mxik_and_sales_sync.TestMXIKAPI" name="test_mxik_search_kiyim" time="0.066" /><testcase classname="tests.test_mxik_and_sales_sync.TestMXIKAPI" name="test_mxik_search_russian" time="0.062" /><testcase classname="tests.test_mxik_and_sales_sync.TestMXIKAPI" name="test_mxik_search_empty_query" time="0.053" /><testcase classname="tests.test_mxik_and_sales_sync.TestMXIKAPI" name="test_mxik_best_match" time="0.056" /><testcase classname="tests.test_mxik_and_sales_sync.TestMXIKAPI" name="test_mxik_best_match_with_category" time="0.060" /><testcase classname="tests.test_mxik_and_sales_sync.TestMXIKAPI" name="test_mxik_validate_valid_code" time="0.063" /><testcase classname="tests.test_mxik_and_sales_sync.TestMXIKAPI" name="test_mxik_validate_invalid_format" time="0.058" /><testcase classname="tests.test_mxik_and_sales_sync.TestMXIKAPI" name="test_mxik_validate_valid_format_not_exists" time="0.059" /><testcase classname="tests.test_mxik_and_sales_sync.TestMXIKAPI" name="test_mxik_code_details" time="0.060" /><testcase classname="tests.test_mxik_and_sales_sync.TestMXIKAPI" name="test_mxik_code_not_found" time="0.056" /><testcase classname="tests.test_mxik_and_sales_sync.TestClickTiers" name="test_click_tiers" time="0.064" /><testcase classname="tests.test_mxik_and_sales_sync.TestAdminSalesSync" name="test_sales_sync_status" time="0.182" /><testcase classname="tests.test_mxik_and_sales_sync.TestAdminSalesSync" name="test_sales_sync_run" time="2.760" /><testcase classname="tests.test_mxik_and_sales_sync.TestAdminSalesSync" name="test_sales_sync_unauthorized" time="0.053" /><testcase classname="tests.test_mxik_and_sales_sync.TestPricingPage" name="test_pricing_tiers" time="0.060" /><testcase classname="tests.test_mxik_and_sales_sync.TestHealthCheck" name="test_health" time="0.056" /></testsuite></testsuites>