<?xml version="1.0" encoding="utf-8"?><testsuites name="pytest tests"><testsuite name="pytest" errors="0" failures="0" skipped="0" tests="16" time="277.856" timestamp="2026-01-27T08:00:17.411566+00:00" hostname="agent-env-845de409-b7fb-4a93-9b2b-8f44b2b6aac8"><testcase classname="backend.tests.test_mxik_yandex_api.TestHealthEndpoint" name="test_health_check" time="0.108" /><testcase classname="backend.tests.test_mxik_yandex_api.TestMXIKEndpoints" name="test_mxik_status" time="0.037" /><testcase classname="backend.tests.test_mxik_yandex_api.TestMXIKEndpoints" name="test_mxik_search_telefon" time="30.062" /><testcase classname="backend.tests.test_mxik_yandex_api.TestMXIKEndpoints" name="test_mxik_search_kompyuter" time="30.101" /><testcase classname="backend.tests.test_mxik_yandex_api.TestMXIKEndpoints" name="test_mxik_search_smartphone" time="30.100" /><testcase classname="backend.tests.test_mxik_yandex_api.TestMXIKEndpoints" name="test_mxik_best_match" time="30.092" /><testcase classname="backend.tests.test_mxik_yandex_api.TestMXIKEndpoints" name="test_mxik_best_match_with_category" time="0.065" /><testcase classname="backend.tests.test_mxik_yandex_api.TestYandexMarketConnection" name="test_yandex_test_connection" time="0.976" /><testcase classname="backend.tests.test_mxik_yandex_api.TestYandexMarketFullProcess" name="test_yandex_full_process" time="20.108" /><testcase classname="backend.tests.test_mxik_yandex_api.TestYandexMarketCreateProduct" name="test_yandex_create_product_with_ai" time="44.081" /><testcase classname="backend.tests.test_mxik_yandex_api.TestYandexMarketCreateProduct" name="test_yandex_create_product_without_images_fails" time="30.774" /><testcase classname="backend.tests.test_mxik_yandex_api.TestYandexMarketGetCampaigns" name="test_yandex_get_campaigns" time="0.982" /><testcase classname="backend.tests.test_mxik_yandex_api.TestIKPUService" name="test_ikpu_search" time="30.059" /><testcase classname="backend.tests.test_mxik_yandex_api.TestIKPUService" name="test_ikpu_by_category" time="0.071" /><testcase classname="backend.tests.test_mxik_yandex_api.TestIKPUService" name="test_ikpu_for_product" time="30.054" /><testcase classname="backend.tests.test_mxik_yandex_api.TestAIEndpoints" name="test_ai_status" time="0.074" /></testsuite></testsuites>