<?xml version="1.0" encoding="utf-8"?><testsuites name="pytest tests"><testsuite name="pytest" errors="0" failures="0" skipped="0" tests="13" time="62.803" timestamp="2026-01-29T19:00:32.623698+00:00" hostname="agent-env-f0e3fae8-886a-4a7d-9a78-2b26937d5161"><testcase classname="backend.tests.test_partner_ai_scanner.TestHealthCheck" name="test_api_health" time="0.099" /><testcase classname="backend.tests.test_partner_ai_scanner.TestPartnerLogin" name="test_partner_login_success" time="2.899" /><testcase classname="backend.tests.test_partner_ai_scanner.TestPartnerLogin" name="test_partner_login_invalid_credentials" time="0.415" /><testcase classname="backend.tests.test_partner_ai_scanner.TestPartnerLogin" name="test_admin_login_success" time="1.390" /><testcase classname="backend.tests.test_partner_ai_scanner.TestAIScanner" name="test_ai_scan_from_url_success" time="43.909" /><testcase classname="backend.tests.test_partner_ai_scanner.TestAIScanner" name="test_ai_scan_from_url_invalid_url" time="4.999" /><testcase classname="backend.tests.test_partner_ai_scanner.TestAIScanner" name="test_ai_scan_from_url_missing_url" time="0.035" /><testcase classname="backend.tests.test_partner_ai_scanner.TestLeadForm" name="test_lead_submission_success" time="0.620" /><testcase classname="backend.tests.test_partner_ai_scanner.TestLeadForm" name="test_lead_submission_minimal_data" time="0.422" /><testcase classname="backend.tests.test_partner_ai_scanner.TestLeadForm" name="test_lead_submission_missing_required_fields" time="0.040" /><testcase classname="backend.tests.test_partner_ai_scanner.TestPartnerDashboard" name="test_partner_profile" time="2.753" /><testcase classname="backend.tests.test_partner_ai_scanner.TestPartnerDashboard" name="test_partner_marketplaces" time="3.139" /><testcase classname="backend.tests.test_partner_ai_scanner.TestPartnerDashboard" name="test_ai_manager_status" time="2.012" /></testsuite></testsuites>