<?xml version="1.0" encoding="utf-8"?><testsuites name="pytest tests"><testsuite name="pytest" errors="0" failures="0" skipped="0" tests="10" time="22.595" timestamp="2026-01-19T17:18:58.016314+00:00" hostname="agent-env-bbe95c72-dfd5-49d9-b5b3-603b71b0d6a0"><testcase classname="tests.test_uzum_ai_integration.TestUzumMarketAPI" name="test_uzum_test_connection" time="1.278" /><testcase classname="tests.test_uzum_ai_integration.TestUzumMarketAPI" name="test_uzum_get_stocks" time="0.911" /><testcase classname="tests.test_uzum_ai_integration.TestUzumMarketAPI" name="test_uzum_get_orders" time="0.496" /><testcase classname="tests.test_uzum_ai_integration.TestUzumMarketAPI" name="test_uzum_orders_count" time="0.519" /><testcase classname="tests.test_uzum_ai_integration.TestAIService" name="test_ai_status" time="0.035" /><testcase classname="tests.test_uzum_ai_integration.TestAIService" name="test_ai_scan_product_with_image" time="5.616" /><testcase classname="tests.test_uzum_ai_integration.TestAIService" name="test_ai_generate_card" time="9.765" /><testcase classname="tests.test_uzum_ai_integration.TestAIService" name="test_ai_optimize_price" time="2.909" /><testcase classname="tests.test_uzum_ai_integration.TestHealthCheck" name="test_health_endpoint" time="0.043" /><testcase classname="tests.test_uzum_ai_integration.TestAIManagerStats" name="test_ai_manager_stats" time="0.911" /></testsuite></testsuites>