<?xml version="1.0" encoding="utf-8"?><testsuites name="pytest tests"><testsuite name="pytest" errors="0" failures="1" skipped="0" tests="19" time="30.904" timestamp="2026-01-28T09:36:33.358680+00:00" hostname="agent-env-9df83711-2df1-4816-aa34-0719f7533c8e"><testcase classname="backend.tests.test_sellercloudx_p0_fixes.TestHealthCheck" name="test_health_endpoint" time="0.078" /><testcase classname="backend.tests.test_sellercloudx_p0_fixes.TestAdminAuth" name="test_admin_login_success" time="2.092" /><testcase classname="backend.tests.test_sellercloudx_p0_fixes.TestAdminAuth" name="test_admin_login_wrong_password" time="0.509" /><testcase classname="backend.tests.test_sellercloudx_p0_fixes.TestPartnerAuth" name="test_partner_login_or_register" time="0.828" /><testcase classname="backend.tests.test_sellercloudx_p0_fixes.TestAdminPartners" name="test_get_partners_list" time="2.608" /><testcase classname="backend.tests.test_sellercloudx_p0_fixes.TestAdminPartners" name="test_approve_partner" time="3.150" /><testcase classname="backend.tests.test_sellercloudx_p0_fixes.TestAdminPartners" name="test_partners_requires_admin" time="0.033" /><testcase classname="backend.tests.test_sellercloudx_p0_fixes.TestChatSystem" name="test_get_chat_room_partner" time="1.708" /><testcase classname="backend.tests.test_sellercloudx_p0_fixes.TestChatSystem" name="test_get_all_chat_rooms_admin" time="1.901" /><testcase classname="backend.tests.test_sellercloudx_p0_fixes.TestChatSystem" name="test_send_message" time="2.979" /><testcase classname="backend.tests.test_sellercloudx_p0_fixes.TestChatSystem" name="test_get_messages" time="2.103" /><testcase classname="backend.tests.test_sellercloudx_p0_fixes.TestReferralDashboard" name="test_referral_dashboard" time="1.372" /><testcase classname="backend.tests.test_sellercloudx_p0_fixes.TestBlogPosts" name="test_get_blog_posts_admin" time="1.912" /><testcase classname="backend.tests.test_sellercloudx_p0_fixes.TestBlogPosts" name="test_get_public_blog_posts" time="0.402"><failure message="AssertionError: Expected 200, got 520: {&quot;error&quot;:&quot;column \&quot;is_active\&quot; does not exist&quot;}&#10;assert 520 == 200&#10; +  where 520 = &lt;Response [520]&gt;.status_code">backend/tests/test_sellercloudx_p0_fixes.py:400: in test_get_public_blog_posts
    assert response.status_code == 200, f"Expected 200, got {response.status_code}: {response.text}"
E   AssertionError: Expected 200, got 520: {"error":"column \"is_active\" does not exist"}
E   assert 520 == 200
E    +  where 520 = &lt;Response [520]&gt;.status_code</failure></testcase><testcase classname="backend.tests.test_sellercloudx_p0_fixes.TestAnalytics" name="test_get_analytics" time="2.252" /><testcase classname="backend.tests.test_sellercloudx_p0_fixes.TestTrendHunter" name="test_trend_hunter" time="1.274" /><testcase classname="backend.tests.test_sellercloudx_p0_fixes.TestTrendHunter" name="test_trends_top" time="1.067" /><testcase classname="backend.tests.test_sellercloudx_p0_fixes.TestBusinessMetrics" name="test_business_metrics" time="2.243" /><testcase classname="backend.tests.test_sellercloudx_p0_fixes.TestDateTimeHandling" name="test_partners_datetime_format" time="2.251" /></testsuite></testsuites>