<?xml version="1.0" encoding="utf-8"?><testsuites name="pytest tests"><testsuite name="pytest" errors="0" failures="0" skipped="0" tests="15" time="57.552" timestamp="2026-01-27T05:32:54.341501+00:00" hostname="agent-env-fc0a1571-0e44-4cf9-8e5d-a974b2a6ebb7"><testcase classname="tests.test_sellercloudx_api.TestHealthEndpoints" name="test_health_endpoint" time="0.082" /><testcase classname="tests.test_sellercloudx_api.TestHealthEndpoints" name="test_api_health_endpoint" time="0.067" /><testcase classname="tests.test_sellercloudx_api.TestClickPaymentAPI" name="test_get_tiers" time="0.059" /><testcase classname="tests.test_sellercloudx_api.TestClickPaymentAPI" name="test_create_payment_requires_auth" time="0.059" /><testcase classname="tests.test_sellercloudx_api.TestTrendHunterAPI" name="test_opportunities_requires_auth" time="0.059" /><testcase classname="tests.test_sellercloudx_api.TestAIScannerAPI" name="test_unified_scanner_analyze_base64" time="0.685" /><testcase classname="tests.test_sellercloudx_api.TestAIScannerAPI" name="test_unified_scanner_full_process" time="55.330" /><testcase classname="tests.test_sellercloudx_api.TestAuthAPI" name="test_login_success" time="0.197" /><testcase classname="tests.test_sellercloudx_api.TestAuthAPI" name="test_login_invalid_credentials" time="0.060" /><testcase classname="tests.test_sellercloudx_api.TestAuthAPI" name="test_auth_me_requires_session" time="0.068" /><testcase classname="tests.test_sellercloudx_api.TestAuthenticatedEndpoints" name="test_trend_hunter_with_auth" time="0.325" /><testcase classname="tests.test_sellercloudx_api.TestAuthenticatedEndpoints" name="test_auth_me_with_session" time="0.171" /><testcase classname="tests.test_sellercloudx_api.TestAuthenticatedEndpoints" name="test_admin_partners_list" time="0.165" /><testcase classname="tests.test_sellercloudx_api.TestPricingTiers" name="test_get_pricing_tiers" time="0.064" /><testcase classname="tests.test_sellercloudx_api.TestRegistrationAPI" name="test_registration_requires_inn" time="0.098" /></testsuite></testsuites>