<?xml version="1.0" encoding="utf-8"?><testsuites name="pytest tests"><testsuite name="pytest" errors="0" failures="0" skipped="0" tests="19" time="30.681" timestamp="2026-01-28T09:37:53.515494+00:00" hostname="agent-env-9df83711-2df1-4816-aa34-0719f7533c8e"><testcase classname="backend.tests.test_sellercloudx_p0_fixes.TestHealthCheck" name="test_health_endpoint" time="0.075" /><testcase classname="backend.tests.test_sellercloudx_p0_fixes.TestAdminAuth" name="test_admin_login_success" time="2.085" /><testcase classname="backend.tests.test_sellercloudx_p0_fixes.TestAdminAuth" name="test_admin_login_wrong_password" time="0.501" /><testcase classname="backend.tests.test_sellercloudx_p0_fixes.TestPartnerAuth" name="test_partner_login_or_register" time="0.820" /><testcase classname="backend.tests.test_sellercloudx_p0_fixes.TestAdminPartners" name="test_get_partners_list" time="2.605" /><testcase classname="backend.tests.test_sellercloudx_p0_fixes.TestAdminPartners" name="test_approve_partner" time="3.144" /><testcase classname="backend.tests.test_sellercloudx_p0_fixes.TestAdminPartners" name="test_partners_requires_admin" time="0.036" /><testcase classname="backend.tests.test_sellercloudx_p0_fixes.TestChatSystem" name="test_get_chat_room_partner" time="1.723" /><testcase classname="backend.tests.test_sellercloudx_p0_fixes.TestChatSystem" name="test_get_all_chat_rooms_admin" time="1.886" /><testcase classname="backend.tests.test_sellercloudx_p0_fixes.TestChatSystem" name="test_send_message" time="2.995" /><testcase classname="backend.tests.test_sellercloudx_p0_fixes.TestChatSystem" name="test_get_messages" time="2.070" /><testcase classname="backend.tests.test_sellercloudx_p0_fixes.TestReferralDashboard" name="test_referral_dashboard" time="1.363" /><testcase classname="backend.tests.test_sellercloudx_p0_fixes.TestBlogPosts" name="test_get_blog_posts_admin" time="1.746" /><testcase classname="backend.tests.test_sellercloudx_p0_fixes.TestBlogPosts" name="test_get_public_blog_posts" time="0.525" /><testcase classname="backend.tests.test_sellercloudx_p0_fixes.TestAnalytics" name="test_get_analytics" time="2.224" /><testcase classname="backend.tests.test_sellercloudx_p0_fixes.TestTrendHunter" name="test_trend_hunter" time="1.271" /><testcase classname="backend.tests.test_sellercloudx_p0_fixes.TestTrendHunter" name="test_trends_top" time="1.022" /><testcase classname="backend.tests.test_sellercloudx_p0_fixes.TestBusinessMetrics" name="test_business_metrics" time="2.236" /><testcase classname="backend.tests.test_sellercloudx_p0_fixes.TestDateTimeHandling" name="test_partners_datetime_format" time="2.290" /></testsuite></testsuites>