<?xml version="1.0" encoding="utf-8"?><testsuites name="pytest tests"><testsuite name="pytest" errors="0" failures="1" skipped="0" tests="15" time="4.419" timestamp="2026-01-27T05:31:18.784333+00:00" hostname="agent-env-fc0a1571-0e44-4cf9-8e5d-a974b2a6ebb7"><testcase classname="tests.test_sellercloudx_api.TestHealthEndpoints" name="test_health_endpoint" time="0.187" /><testcase classname="tests.test_sellercloudx_api.TestHealthEndpoints" name="test_api_health_endpoint" time="0.070" /><testcase classname="tests.test_sellercloudx_api.TestClickPaymentAPI" name="test_get_tiers" time="0.062" /><testcase classname="tests.test_sellercloudx_api.TestClickPaymentAPI" name="test_create_payment_requires_auth" time="0.068" /><testcase classname="tests.test_sellercloudx_api.TestTrendHunterAPI" name="test_opportunities_requires_auth" time="0.065" /><testcase classname="tests.test_sellercloudx_api.TestAIScannerAPI" name="test_unified_scanner_analyze_base64" time="0.720" /><testcase classname="tests.test_sellercloudx_api.TestAIScannerAPI" name="test_unified_scanner_full_process" time="0.038"><failure message="assert 422 == 200&#10; +  where 422 = &lt;Response [422]&gt;.status_code">tests/test_sellercloudx_api.py:115: in test_unified_scanner_full_process
    assert response.status_code == 200
E   assert 422 == 200
E    +  where 422 = &lt;Response [422]&gt;.status_code</failure></testcase><testcase classname="tests.test_sellercloudx_api.TestAuthAPI" name="test_login_success" time="0.141" /><testcase classname="tests.test_sellercloudx_api.TestAuthAPI" name="test_login_invalid_credentials" time="0.081" /><testcase classname="tests.test_sellercloudx_api.TestAuthAPI" name="test_auth_me_requires_session" time="0.064" /><testcase classname="tests.test_sellercloudx_api.TestAuthenticatedEndpoints" name="test_trend_hunter_with_auth" time="2.234" /><testcase classname="tests.test_sellercloudx_api.TestAuthenticatedEndpoints" name="test_auth_me_with_session" time="0.177" /><testcase classname="tests.test_sellercloudx_api.TestAuthenticatedEndpoints" name="test_admin_partners_list" time="0.184" /><testcase classname="tests.test_sellercloudx_api.TestPricingTiers" name="test_get_pricing_tiers" time="0.060" /><testcase classname="tests.test_sellercloudx_api.TestRegistrationAPI" name="test_registration_requires_inn" time="0.098" /></testsuite></testsuites>