<?xml version="1.0" encoding="utf-8"?><testsuites name="pytest tests"><testsuite name="pytest" errors="0" failures="0" skipped="0" tests="7" time="137.126" timestamp="2026-01-20T17:13:55.651484+00:00" hostname="agent-env-95fcbc69-7651-4f74-9b6a-8de04b614797"><testcase classname="tests.test_unified_scanner.TestUnifiedScannerEndpoints" name="test_health_check" time="0.097" /><testcase classname="tests.test_unified_scanner.TestUnifiedScannerEndpoints" name="test_uzum_rules_endpoint" time="0.039" /><testcase classname="tests.test_unified_scanner.TestUnifiedScannerEndpoints" name="test_full_process_endpoint" time="63.038" /><testcase classname="tests.test_unified_scanner.TestUnifiedScannerEndpoints" name="test_validate_text_endpoint" time="0.111" /><testcase classname="tests.test_unified_scanner.TestUnifiedScannerEndpoints" name="test_validate_text_clean" time="0.043" /><testcase classname="tests.test_unified_scanner.TestPriceCalculations" name="test_price_breakdown_structure" time="73.667" /><testcase classname="tests.test_unified_scanner.TestStopWordsValidation" name="test_stop_words_list" time="0.078" /></testsuite></testsuites>