<?xml version="1.0" encoding="utf-8"?><testsuites name="pytest tests"><testsuite name="pytest" errors="0" failures="1" skipped="0" tests="11" time="180.818" timestamp="2026-01-21T04:24:31.010597+00:00" hostname="agent-env-28495c5d-6c98-4de3-909e-af2fa35bed3b"><testcase classname="tests.test_uzum_automation.TestUzumAutomationLogin" name="test_login_endpoint_exists" time="23.621" /><testcase classname="tests.test_uzum_automation.TestUzumAutomationLogin" name="test_login_missing_credentials" time="0.052" /><testcase classname="tests.test_uzum_automation.TestUzumAutomationCreateProduct" name="test_create_product_endpoint_exists" time="0.042" /><testcase classname="tests.test_uzum_automation.TestUzumAutomationCreateProduct" name="test_create_product_requires_credentials" time="0.034" /><testcase classname="tests.test_uzum_automation.TestUzumAutomationCreateProduct" name="test_create_product_with_all_fields" time="43.566" /><testcase classname="tests.test_uzum_automation.TestYandexMarketCreateProduct" name="test_create_product_endpoint_exists" time="0.987" /><testcase classname="tests.test_uzum_automation.TestYandexMarketCreateProduct" name="test_create_product_with_auto_card_generation" time="0.641" /><testcase classname="tests.test_uzum_automation.TestInfographicGenerate" name="test_infographic_generate_success" time="18.658" /><testcase classname="tests.test_uzum_automation.TestInfographicGenerate" name="test_infographic_different_templates" time="33.484"><failure message="AssertionError: Template comparison failed&#10;assert False == True">tests/test_uzum_automation.py:230: in test_infographic_different_templates
    assert data["success"] == True, f"Template {template} failed"
E   AssertionError: Template comparison failed
E   assert False == True</failure></testcase><testcase classname="tests.test_uzum_automation.TestUnifiedScannerFullProcess" name="test_full_process_success" time="59.564" /><testcase classname="tests.test_uzum_automation.TestHealthEndpoint" name="test_health_check" time="0.081" /></testsuite></testsuites>