<?xml version="1.0" encoding="utf-8"?><testsuites name="pytest tests"><testsuite name="pytest" errors="0" failures="0" skipped="0" tests="17" time="41.311" timestamp="2026-01-20T19:03:14.161183+00:00" hostname="agent-env-28495c5d-6c98-4de3-909e-af2fa35bed3b"><testcase classname="tests.test_yandex_market.TestYandexMarketRules" name="test_get_rules_success" time="0.089" /><testcase classname="tests.test_yandex_market.TestYandexMarketRules" name="test_rules_commission_rates_structure" time="0.041" /><testcase classname="tests.test_yandex_market.TestYandexMarketRules" name="test_rules_media_requirements" time="0.041" /><testcase classname="tests.test_yandex_market.TestYandexMarketRules" name="test_rules_card_requirements" time="0.040" /><testcase classname="tests.test_yandex_market.TestYandexMarketCalculatePrice" name="test_calculate_price_success" time="0.036" /><testcase classname="tests.test_yandex_market.TestYandexMarketCalculatePrice" name="test_calculate_price_breakdown" time="0.036" /><testcase classname="tests.test_yandex_market.TestYandexMarketCalculatePrice" name="test_calculate_price_different_fulfillment" time="0.104" /><testcase classname="tests.test_yandex_market.TestYandexMarketCalculatePrice" name="test_calculate_price_different_payout_frequencies" time="0.183" /><testcase classname="tests.test_yandex_market.TestYandexMarketFullProcess" name="test_full_process_success" time="10.818" /><testcase classname="tests.test_yandex_market.TestYandexMarketFullProcess" name="test_full_process_price_optimization" time="10.448" /><testcase classname="tests.test_yandex_market.TestYandexMarketFullProcess" name="test_full_process_product_card_generation" time="8.507" /><testcase classname="tests.test_yandex_market.TestYandexMarketFullProcess" name="test_full_process_missing_product_name" time="0.064" /><testcase classname="tests.test_yandex_market.TestYandexMarketFullProcess" name="test_full_process_final_package" time="9.101" /><testcase classname="tests.test_yandex_market.TestYandexMarketTestConnection" name="test_connection_with_invalid_token" time="0.946" /><testcase classname="tests.test_yandex_market.TestYandexMarketTestConnection" name="test_connection_missing_token" time="0.037" /><testcase classname="tests.test_yandex_market.TestYandexMarketCreateProduct" name="test_create_product_with_invalid_credentials" time="0.660" /><testcase classname="tests.test_yandex_market.TestHealthCheck" name="test_health_check" time="0.034" /></testsuite></testsuites>