<?xml version="1.0" encoding="utf-8"?><testsuites name="pytest tests"><testsuite name="pytest" errors="0" failures="0" skipped="2" tests="12" time="36.612" timestamp="2026-01-27T08:55:25.058937+00:00" hostname="agent-env-845de409-b7fb-4a93-9b2b-8f44b2b6aac8"><testcase classname="backend.tests.test_yandex_dashboard_infographics.TestYandexDashboardStatus" name="test_dashboard_status_returns_success" time="1.576" /><testcase classname="backend.tests.test_yandex_dashboard_infographics.TestYandexDashboardStatus" name="test_dashboard_status_with_limit" time="1.229" /><testcase classname="backend.tests.test_yandex_dashboard_infographics.TestYandexDashboardStatus" name="test_dashboard_status_stats_structure" time="1.189" /><testcase classname="backend.tests.test_yandex_dashboard_infographics.TestYandexOfferStatus" name="test_offer_status_valid_id" time="0.680" /><testcase classname="backend.tests.test_yandex_dashboard_infographics.TestYandexOfferStatus" name="test_offer_status_invalid_id" time="0.693" /><testcase classname="backend.tests.test_yandex_dashboard_infographics.TestYandexPartnerDashboard" name="test_partner_dashboard_with_valid_credentials" time="1.890" /><testcase classname="backend.tests.test_yandex_dashboard_infographics.TestYandexPartnerDashboard" name="test_partner_dashboard_with_invalid_token" time="1.223" /><testcase classname="backend.tests.test_yandex_dashboard_infographics.TestNanoBananaInfographics" name="test_generate_infographics_single_image" time="27.906" /><testcase classname="backend.tests.test_yandex_dashboard_infographics.TestNanoBananaInfographics" name="test_generate_infographics_request_validation" time="0.000"><skipped type="pytest.skip" message="Skipping to avoid duplicate long-running infographic generation">/app/backend/tests/test_yandex_dashboard_infographics.py:258: Skipping to avoid duplicate long-running infographic generation</skipped></testcase><testcase classname="backend.tests.test_yandex_dashboard_infographics.TestNanoBananaInfographics" name="test_generate_infographics_max_count_limit" time="0.000"><skipped type="pytest.skip" message="Max count limit verified in code review - skipping to avoid long wait">/app/backend/tests/test_yandex_dashboard_infographics.py:268: Max count limit verified in code review - skipping to avoid long wait</skipped></testcase><testcase classname="backend.tests.test_yandex_dashboard_infographics.TestHealthAndAIStatus" name="test_health_endpoint" time="0.119" /><testcase classname="backend.tests.test_yandex_dashboard_infographics.TestHealthAndAIStatus" name="test_ai_status_endpoint" time="0.036" /></testsuite></testsuites>