<?xml version="1.0" encoding="utf-8"?><testsuites name="pytest tests"><testsuite name="pytest" errors="0" failures="0" skipped="0" tests="14" time="131.140" timestamp="2026-01-28T09:51:15.323933+00:00" hostname="agent-env-9df83711-2df1-4816-aa34-0719f7533c8e"><testcase classname="backend.tests.test_yandex_market_integration.TestHealthAndAuth" name="test_01_health_check" time="0.072" /><testcase classname="backend.tests.test_yandex_market_integration.TestHealthAndAuth" name="test_02_admin_login" time="2.086" /><testcase classname="backend.tests.test_yandex_market_integration.TestHealthAndAuth" name="test_03_partner_login" time="0.820" /><testcase classname="backend.tests.test_yandex_market_integration.TestYandexMarketConnection" name="test_04_yandex_test_connection_real_api" time="1.803" /><testcase classname="backend.tests.test_yandex_market_integration.TestYandexMarketConnection" name="test_05_marketplace_connect_yandex" time="3.083" /><testcase classname="backend.tests.test_yandex_market_integration.TestYandexMarketConnection" name="test_06_get_connected_marketplaces" time="1.707" /><testcase classname="backend.tests.test_yandex_market_integration.TestYandexMarketRules" name="test_07_get_yandex_rules" time="0.040" /><testcase classname="backend.tests.test_yandex_market_integration.TestYandexFullProcess" name="test_08_yandex_full_process" time="10.838" /><testcase classname="backend.tests.test_yandex_market_integration.TestYandexCreateProduct" name="test_09_yandex_create_product_real_api" time="43.235" /><testcase classname="backend.tests.test_yandex_market_integration.TestUnifiedScanner" name="test_10_unified_scanner_analyze_base64" time="2.802" /><testcase classname="backend.tests.test_yandex_market_integration.TestUnifiedScanner" name="test_11_unified_scanner_analyze_with_image_field" time="1.972" /><testcase classname="backend.tests.test_yandex_market_integration.TestUnifiedScannerFullProcess" name="test_12_unified_scanner_full_process" time="61.564" /><testcase classname="backend.tests.test_yandex_market_integration.TestYandexGetCampaigns" name="test_13_yandex_get_campaigns" time="1.005" /><testcase classname="backend.tests.test_yandex_market_integration.TestYandexPriceCalculation" name="test_14_yandex_calculate_price" time="0.041" /></testsuite></testsuites>